{"C:\\Users\\armaa\\OneDrive\\Documents\\Armaan\\UofT\\4th Year\\Fall\\CSC490\\Immigreat\\frontend\\immigreat\\src\\App.tsx": {"path":"C:\\Users\\armaa\\OneDrive\\Documents\\Armaan\\UofT\\4th Year\\Fall\\CSC490\\Immigreat\\frontend\\immigreat\\src\\App.tsx","all":false,"statementMap":{"0":{"start":{"line":1,"column":0},"end":{"line":1,"column":51}},"1":{"start":{"line":2,"column":0},"end":{"line":2,"column":42}},"2":{"start":{"line":3,"column":0},"end":{"line":3,"column":58}},"4":{"start":{"line":5,"column":0},"end":{"line":5,"column":36}},"24":{"start":{"line":25,"column":0},"end":{"line":25,"column":44}},"25":{"start":{"line":26,"column":0},"end":{"line":26,"column":20}},"27":{"start":{"line":28,"column":0},"end":{"line":28,"column":28}},"28":{"start":{"line":29,"column":0},"end":{"line":29,"column":30}},"29":{"start":{"line":30,"column":0},"end":{"line":30,"column":9}},"30":{"start":{"line":31,"column":0},"end":{"line":31,"column":54}},"31":{"start":{"line":32,"column":0},"end":{"line":32,"column":28}},"33":{"start":{"line":34,"column":0},"end":{"line":34,"column":38}},"34":{"start":{"line":35,"column":0},"end":{"line":35,"column":40}},"35":{"start":{"line":36,"column":0},"end":{"line":36,"column":16}},"36":{"start":{"line":37,"column":0},"end":{"line":37,"column":44}},"37":{"start":{"line":38,"column":0},"end":{"line":38,"column":52}},"38":{"start":{"line":39,"column":0},"end":{"line":39,"column":17}},"39":{"start":{"line":40,"column":0},"end":{"line":40,"column":44}},"40":{"start":{"line":41,"column":0},"end":{"line":41,"column":11}},"41":{"start":{"line":42,"column":0},"end":{"line":42,"column":9}},"42":{"start":{"line":43,"column":0},"end":{"line":43,"column":21}},"43":{"start":{"line":44,"column":0},"end":{"line":44,"column":57}},"44":{"start":{"line":45,"column":0},"end":{"line":45,"column":15}},"45":{"start":{"line":46,"column":0},"end":{"line":46,"column":5}},"46":{"start":{"line":47,"column":0},"end":{"line":47,"column":4}},"48":{"start":{"line":49,"column":0},"end":{"line":49,"column":85}},"49":{"start":{"line":50,"column":0},"end":{"line":50,"column":9}},"50":{"start":{"line":51,"column":0},"end":{"line":51,"column":38}},"52":{"start":{"line":53,"column":0},"end":{"line":53,"column":64}},"53":{"start":{"line":54,"column":0},"end":{"line":54,"column":32}},"54":{"start":{"line":55,"column":0},"end":{"line":55,"column":93}},"55":{"start":{"line":56,"column":0},"end":{"line":56,"column":20}},"57":{"start":{"line":58,"column":0},"end":{"line":58,"column":19}},"58":{"start":{"line":59,"column":0},"end":{"line":59,"column":59}},"59":{"start":{"line":60,"column":0},"end":{"line":60,"column":27}},"60":{"start":{"line":61,"column":0},"end":{"line":61,"column":26}},"61":{"start":{"line":62,"column":0},"end":{"line":62,"column":28}},"62":{"start":{"line":63,"column":0},"end":{"line":63,"column":18}},"63":{"start":{"line":64,"column":0},"end":{"line":64,"column":21}},"64":{"start":{"line":65,"column":0},"end":{"line":65,"column":34}},"65":{"start":{"line":66,"column":0},"end":{"line":66,"column":22}},"66":{"start":{"line":67,"column":0},"end":{"line":67,"column":11}},"67":{"start":{"line":68,"column":0},"end":{"line":68,"column":66}},"68":{"start":{"line":69,"column":0},"end":{"line":69,"column":23}},"69":{"start":{"line":70,"column":0},"end":{"line":70,"column":9}},"70":{"start":{"line":71,"column":0},"end":{"line":71,"column":7}},"72":{"start":{"line":73,"column":0},"end":{"line":73,"column":34}},"73":{"start":{"line":74,"column":0},"end":{"line":74,"column":34}},"74":{"start":{"line":75,"column":0},"end":{"line":75,"column":14}},"75":{"start":{"line":76,"column":0},"end":{"line":76,"column":17}},"76":{"start":{"line":77,"column":0},"end":{"line":77,"column":30}},"77":{"start":{"line":78,"column":0},"end":{"line":78,"column":18}},"78":{"start":{"line":79,"column":0},"end":{"line":79,"column":7}},"80":{"start":{"line":81,"column":0},"end":{"line":81,"column":66}},"81":{"start":{"line":82,"column":0},"end":{"line":82,"column":69}},"82":{"start":{"line":83,"column":0},"end":{"line":83,"column":23}},"83":{"start":{"line":84,"column":0},"end":{"line":84,"column":21}},"84":{"start":{"line":85,"column":0},"end":{"line":85,"column":48}},"85":{"start":{"line":86,"column":0},"end":{"line":86,"column":25}},"86":{"start":{"line":87,"column":0},"end":{"line":87,"column":5}},"87":{"start":{"line":88,"column":0},"end":{"line":88,"column":4}},"89":{"start":{"line":90,"column":0},"end":{"line":90,"column":42}},"90":{"start":{"line":91,"column":0},"end":{"line":91,"column":36}},"91":{"start":{"line":92,"column":0},"end":{"line":92,"column":53}},"92":{"start":{"line":93,"column":0},"end":{"line":93,"column":4}},"94":{"start":{"line":95,"column":0},"end":{"line":95,"column":32}},"95":{"start":{"line":96,"column":0},"end":{"line":96,"column":9}},"96":{"start":{"line":97,"column":0},"end":{"line":97,"column":38}},"97":{"start":{"line":98,"column":0},"end":{"line":98,"column":59}},"98":{"start":{"line":99,"column":0},"end":{"line":99,"column":65}},"99":{"start":{"line":100,"column":0},"end":{"line":100,"column":21}},"100":{"start":{"line":101,"column":0},"end":{"line":101,"column":50}},"101":{"start":{"line":102,"column":0},"end":{"line":102,"column":5}},"102":{"start":{"line":103,"column":0},"end":{"line":103,"column":4}},"103":{"start":{"line":104,"column":0},"end":{"line":104,"column":1}},"114":{"start":{"line":115,"column":0},"end":{"line":115,"column":97}},"115":{"start":{"line":116,"column":0},"end":{"line":116,"column":52}},"116":{"start":{"line":117,"column":0},"end":{"line":117,"column":26}},"117":{"start":{"line":118,"column":0},"end":{"line":118,"column":76}},"118":{"start":{"line":119,"column":0},"end":{"line":119,"column":37}},"119":{"start":{"line":120,"column":0},"end":{"line":120,"column":46}},"120":{"start":{"line":121,"column":0},"end":{"line":121,"column":36}},"121":{"start":{"line":122,"column":0},"end":{"line":122,"column":44}},"123":{"start":{"line":124,"column":0},"end":{"line":124,"column":52}},"124":{"start":{"line":125,"column":0},"end":{"line":125,"column":16}},"125":{"start":{"line":126,"column":0},"end":{"line":126,"column":20}},"126":{"start":{"line":127,"column":0},"end":{"line":127,"column":28}},"127":{"start":{"line":128,"column":0},"end":{"line":128,"column":15}},"128":{"start":{"line":129,"column":0},"end":{"line":129,"column":5}},"130":{"start":{"line":131,"column":0},"end":{"line":131,"column":27}},"131":{"start":{"line":132,"column":0},"end":{"line":132,"column":47}},"132":{"start":{"line":133,"column":0},"end":{"line":133,"column":95}},"134":{"start":{"line":135,"column":0},"end":{"line":135,"column":50}},"135":{"start":{"line":136,"column":0},"end":{"line":136,"column":31}},"136":{"start":{"line":137,"column":0},"end":{"line":137,"column":61}},"137":{"start":{"line":138,"column":0},"end":{"line":138,"column":35}},"138":{"start":{"line":139,"column":0},"end":{"line":139,"column":40}},"139":{"start":{"line":140,"column":0},"end":{"line":140,"column":44}},"140":{"start":{"line":141,"column":0},"end":{"line":141,"column":14}},"141":{"start":{"line":142,"column":0},"end":{"line":142,"column":31}},"142":{"start":{"line":143,"column":0},"end":{"line":143,"column":7}},"143":{"start":{"line":144,"column":0},"end":{"line":144,"column":6}},"145":{"start":{"line":146,"column":0},"end":{"line":146,"column":17}},"146":{"start":{"line":147,"column":0},"end":{"line":147,"column":3}},"148":{"start":{"line":149,"column":0},"end":{"line":149,"column":46}},"150":{"start":{"line":151,"column":0},"end":{"line":151,"column":10}},"151":{"start":{"line":152,"column":0},"end":{"line":152,"column":123}},"152":{"start":{"line":153,"column":0},"end":{"line":153,"column":73}},"153":{"start":{"line":154,"column":0},"end":{"line":154,"column":15}},"154":{"start":{"line":155,"column":0},"end":{"line":155,"column":29}},"155":{"start":{"line":156,"column":0},"end":{"line":156,"column":208}},"157":{"start":{"line":158,"column":0},"end":{"line":158,"column":24}},"158":{"start":{"line":159,"column":0},"end":{"line":159,"column":31}},"159":{"start":{"line":160,"column":0},"end":{"line":160,"column":17}},"160":{"start":{"line":161,"column":0},"end":{"line":161,"column":12}},"162":{"start":{"line":163,"column":0},"end":{"line":163,"column":50}},"163":{"start":{"line":164,"column":0},"end":{"line":164,"column":72}},"164":{"start":{"line":165,"column":0},"end":{"line":165,"column":50}},"166":{"start":{"line":167,"column":0},"end":{"line":167,"column":18}},"167":{"start":{"line":168,"column":0},"end":{"line":168,"column":50}},"168":{"start":{"line":169,"column":0},"end":{"line":169,"column":95}},"169":{"start":{"line":170,"column":0},"end":{"line":170,"column":27}},"170":{"start":{"line":171,"column":0},"end":{"line":171,"column":19}},"171":{"start":{"line":172,"column":0},"end":{"line":172,"column":41}},"172":{"start":{"line":173,"column":0},"end":{"line":173,"column":41}},"173":{"start":{"line":174,"column":0},"end":{"line":174,"column":22}},"174":{"start":{"line":175,"column":0},"end":{"line":175,"column":33}},"175":{"start":{"line":176,"column":0},"end":{"line":176,"column":88}},"176":{"start":{"line":177,"column":0},"end":{"line":177,"column":47}},"177":{"start":{"line":178,"column":0},"end":{"line":178,"column":63}},"178":{"start":{"line":179,"column":0},"end":{"line":179,"column":68}},"179":{"start":{"line":180,"column":0},"end":{"line":180,"column":23}},"181":{"start":{"line":182,"column":0},"end":{"line":182,"column":27}},"182":{"start":{"line":183,"column":0},"end":{"line":183,"column":59}},"183":{"start":{"line":184,"column":0},"end":{"line":184,"column":65}},"185":{"start":{"line":186,"column":0},"end":{"line":186,"column":89}},"186":{"start":{"line":187,"column":0},"end":{"line":187,"column":36}},"187":{"start":{"line":188,"column":0},"end":{"line":188,"column":28}},"188":{"start":{"line":189,"column":0},"end":{"line":189,"column":87}},"189":{"start":{"line":190,"column":0},"end":{"line":190,"column":55}},"190":{"start":{"line":191,"column":0},"end":{"line":191,"column":28}},"191":{"start":{"line":192,"column":0},"end":{"line":192,"column":29}},"193":{"start":{"line":194,"column":0},"end":{"line":194,"column":27}},"194":{"start":{"line":195,"column":0},"end":{"line":195,"column":39}},"195":{"start":{"line":196,"column":0},"end":{"line":196,"column":43}},"196":{"start":{"line":197,"column":0},"end":{"line":197,"column":66}},"197":{"start":{"line":198,"column":0},"end":{"line":198,"column":47}},"198":{"start":{"line":199,"column":0},"end":{"line":199,"column":25}},"199":{"start":{"line":200,"column":0},"end":{"line":200,"column":24}},"200":{"start":{"line":201,"column":0},"end":{"line":201,"column":182}},"201":{"start":{"line":202,"column":0},"end":{"line":202,"column":41}},"203":{"start":{"line":204,"column":0},"end":{"line":204,"column":132}},"204":{"start":{"line":205,"column":0},"end":{"line":205,"column":222}},"205":{"start":{"line":206,"column":0},"end":{"line":206,"column":28}},"206":{"start":{"line":207,"column":0},"end":{"line":207,"column":29}},"207":{"start":{"line":208,"column":0},"end":{"line":208,"column":24}},"208":{"start":{"line":209,"column":0},"end":{"line":209,"column":19}},"209":{"start":{"line":210,"column":0},"end":{"line":210,"column":20}},"210":{"start":{"line":211,"column":0},"end":{"line":211,"column":18}},"212":{"start":{"line":213,"column":0},"end":{"line":213,"column":11}},"214":{"start":{"line":215,"column":0},"end":{"line":215,"column":32}},"215":{"start":{"line":216,"column":0},"end":{"line":216,"column":90}},"217":{"start":{"line":218,"column":0},"end":{"line":218,"column":16}},"219":{"start":{"line":220,"column":0},"end":{"line":220,"column":12}},"221":{"start":{"line":222,"column":0},"end":{"line":222,"column":73}},"222":{"start":{"line":223,"column":0},"end":{"line":223,"column":78}},"223":{"start":{"line":224,"column":0},"end":{"line":224,"column":66}},"224":{"start":{"line":225,"column":0},"end":{"line":225,"column":14}},"225":{"start":{"line":226,"column":0},"end":{"line":226,"column":12}},"226":{"start":{"line":227,"column":0},"end":{"line":227,"column":10}},"228":{"start":{"line":229,"column":0},"end":{"line":229,"column":1}},"231":{"start":{"line":232,"column":0},"end":{"line":232,"column":16}},"232":{"start":{"line":233,"column":0},"end":{"line":233,"column":57}},"233":{"start":{"line":234,"column":0},"end":{"line":234,"column":40}},"234":{"start":{"line":235,"column":0},"end":{"line":235,"column":51}},"235":{"start":{"line":236,"column":0},"end":{"line":236,"column":53}},"236":{"start":{"line":237,"column":0},"end":{"line":237,"column":57}},"237":{"start":{"line":238,"column":0},"end":{"line":238,"column":74}},"238":{"start":{"line":239,"column":0},"end":{"line":239,"column":73}},"239":{"start":{"line":240,"column":0},"end":{"line":240,"column":80}},"240":{"start":{"line":241,"column":0},"end":{"line":241,"column":53}},"242":{"start":{"line":243,"column":0},"end":{"line":243,"column":32}},"243":{"start":{"line":244,"column":0},"end":{"line":244,"column":66}},"244":{"start":{"line":245,"column":0},"end":{"line":245,"column":3}},"246":{"start":{"line":247,"column":0},"end":{"line":247,"column":19}},"247":{"start":{"line":248,"column":0},"end":{"line":248,"column":20}},"248":{"start":{"line":249,"column":0},"end":{"line":249,"column":16}},"250":{"start":{"line":251,"column":0},"end":{"line":251,"column":19}},"251":{"start":{"line":252,"column":0},"end":{"line":252,"column":21}},"252":{"start":{"line":253,"column":0},"end":{"line":253,"column":52}},"253":{"start":{"line":254,"column":0},"end":{"line":254,"column":12}},"254":{"start":{"line":255,"column":0},"end":{"line":255,"column":55}},"255":{"start":{"line":256,"column":0},"end":{"line":256,"column":5}},"256":{"start":{"line":257,"column":0},"end":{"line":257,"column":18}},"258":{"start":{"line":259,"column":0},"end":{"line":259,"column":19}},"259":{"start":{"line":260,"column":0},"end":{"line":260,"column":30}},"260":{"start":{"line":261,"column":0},"end":{"line":261,"column":49}},"261":{"start":{"line":262,"column":0},"end":{"line":262,"column":22}},"262":{"start":{"line":263,"column":0},"end":{"line":263,"column":17}},"263":{"start":{"line":264,"column":0},"end":{"line":264,"column":43}},"264":{"start":{"line":265,"column":0},"end":{"line":265,"column":7}},"265":{"start":{"line":266,"column":0},"end":{"line":266,"column":27}},"266":{"start":{"line":267,"column":0},"end":{"line":267,"column":32}},"267":{"start":{"line":268,"column":0},"end":{"line":268,"column":7}},"268":{"start":{"line":269,"column":0},"end":{"line":269,"column":53}},"269":{"start":{"line":270,"column":0},"end":{"line":270,"column":5}},"270":{"start":{"line":271,"column":0},"end":{"line":271,"column":16}},"272":{"start":{"line":273,"column":0},"end":{"line":273,"column":31}},"273":{"start":{"line":274,"column":0},"end":{"line":274,"column":19}},"274":{"start":{"line":275,"column":0},"end":{"line":275,"column":26}},"275":{"start":{"line":276,"column":0},"end":{"line":276,"column":26}},"276":{"start":{"line":277,"column":0},"end":{"line":277,"column":16}},"277":{"start":{"line":278,"column":0},"end":{"line":278,"column":23}},"278":{"start":{"line":279,"column":0},"end":{"line":279,"column":3}},"280":{"start":{"line":281,"column":0},"end":{"line":281,"column":48}},"281":{"start":{"line":282,"column":0},"end":{"line":282,"column":52}},"282":{"start":{"line":283,"column":0},"end":{"line":283,"column":15}},"283":{"start":{"line":284,"column":0},"end":{"line":284,"column":32}},"284":{"start":{"line":285,"column":0},"end":{"line":285,"column":31}},"285":{"start":{"line":286,"column":0},"end":{"line":286,"column":18}},"287":{"start":{"line":288,"column":0},"end":{"line":288,"column":5}},"288":{"start":{"line":289,"column":0},"end":{"line":289,"column":3}},"290":{"start":{"line":291,"column":0},"end":{"line":291,"column":48}},"291":{"start":{"line":292,"column":0},"end":{"line":292,"column":41}},"292":{"start":{"line":293,"column":0},"end":{"line":293,"column":51}},"294":{"start":{"line":295,"column":0},"end":{"line":295,"column":35}},"295":{"start":{"line":296,"column":0},"end":{"line":296,"column":21}},"296":{"start":{"line":297,"column":0},"end":{"line":297,"column":5}},"297":{"start":{"line":298,"column":0},"end":{"line":298,"column":3}},"300":{"start":{"line":301,"column":0},"end":{"line":301,"column":101}},"302":{"start":{"line":303,"column":0},"end":{"line":303,"column":36}},"303":{"start":{"line":304,"column":0},"end":{"line":304,"column":80}},"305":{"start":{"line":306,"column":0},"end":{"line":306,"column":66}},"307":{"start":{"line":308,"column":0},"end":{"line":308,"column":38}},"310":{"start":{"line":311,"column":0},"end":{"line":311,"column":101}},"313":{"start":{"line":314,"column":0},"end":{"line":314,"column":45}},"314":{"start":{"line":315,"column":0},"end":{"line":315,"column":77}},"315":{"start":{"line":316,"column":0},"end":{"line":316,"column":9}},"318":{"start":{"line":319,"column":0},"end":{"line":319,"column":47}},"319":{"start":{"line":320,"column":0},"end":{"line":320,"column":46}},"320":{"start":{"line":321,"column":0},"end":{"line":321,"column":50}},"321":{"start":{"line":322,"column":0},"end":{"line":322,"column":45}},"322":{"start":{"line":323,"column":0},"end":{"line":323,"column":9}},"325":{"start":{"line":326,"column":0},"end":{"line":326,"column":48}},"326":{"start":{"line":327,"column":0},"end":{"line":327,"column":37}},"327":{"start":{"line":328,"column":0},"end":{"line":328,"column":9}},"328":{"start":{"line":329,"column":0},"end":{"line":329,"column":7}},"329":{"start":{"line":330,"column":0},"end":{"line":330,"column":5}},"332":{"start":{"line":333,"column":0},"end":{"line":333,"column":43}},"333":{"start":{"line":334,"column":0},"end":{"line":334,"column":3}},"335":{"start":{"line":336,"column":0},"end":{"line":336,"column":54}},"336":{"start":{"line":337,"column":0},"end":{"line":337,"column":22}},"338":{"start":{"line":339,"column":0},"end":{"line":339,"column":42}},"340":{"start":{"line":341,"column":0},"end":{"line":341,"column":34}},"341":{"start":{"line":342,"column":0},"end":{"line":342,"column":32}},"342":{"start":{"line":343,"column":0},"end":{"line":343,"column":19}},"343":{"start":{"line":344,"column":0},"end":{"line":344,"column":28}},"344":{"start":{"line":345,"column":0},"end":{"line":345,"column":27}},"345":{"start":{"line":346,"column":0},"end":{"line":346,"column":5}},"347":{"start":{"line":348,"column":0},"end":{"line":348,"column":47}},"348":{"start":{"line":349,"column":0},"end":{"line":349,"column":16}},"349":{"start":{"line":350,"column":0},"end":{"line":350,"column":22}},"352":{"start":{"line":353,"column":0},"end":{"line":353,"column":46}},"354":{"start":{"line":355,"column":0},"end":{"line":355,"column":9}},"355":{"start":{"line":356,"column":0},"end":{"line":356,"column":79}},"359":{"start":{"line":360,"column":0},"end":{"line":360,"column":104}},"361":{"start":{"line":362,"column":0},"end":{"line":362,"column":41}},"362":{"start":{"line":363,"column":0},"end":{"line":363,"column":40}},"363":{"start":{"line":364,"column":0},"end":{"line":364,"column":26}},"364":{"start":{"line":365,"column":0},"end":{"line":365,"column":24}},"365":{"start":{"line":366,"column":0},"end":{"line":366,"column":40}},"366":{"start":{"line":367,"column":0},"end":{"line":367,"column":29}},"367":{"start":{"line":368,"column":0},"end":{"line":368,"column":7}},"370":{"start":{"line":371,"column":0},"end":{"line":371,"column":51}},"371":{"start":{"line":372,"column":0},"end":{"line":372,"column":56}},"372":{"start":{"line":373,"column":0},"end":{"line":373,"column":14}},"374":{"start":{"line":375,"column":0},"end":{"line":375,"column":81}},"375":{"start":{"line":376,"column":0},"end":{"line":376,"column":24}},"376":{"start":{"line":377,"column":0},"end":{"line":377,"column":88}},"377":{"start":{"line":378,"column":0},"end":{"line":378,"column":76}},"378":{"start":{"line":379,"column":0},"end":{"line":379,"column":57}},"379":{"start":{"line":380,"column":0},"end":{"line":380,"column":9}},"380":{"start":{"line":381,"column":0},"end":{"line":381,"column":7}},"381":{"start":{"line":382,"column":0},"end":{"line":382,"column":21}},"382":{"start":{"line":383,"column":0},"end":{"line":383,"column":52}},"384":{"start":{"line":385,"column":0},"end":{"line":385,"column":37}},"385":{"start":{"line":386,"column":0},"end":{"line":386,"column":40}},"386":{"start":{"line":387,"column":0},"end":{"line":387,"column":26}},"387":{"start":{"line":388,"column":0},"end":{"line":388,"column":92}},"388":{"start":{"line":389,"column":0},"end":{"line":389,"column":29}},"389":{"start":{"line":390,"column":0},"end":{"line":390,"column":7}},"392":{"start":{"line":393,"column":0},"end":{"line":393,"column":51}},"393":{"start":{"line":394,"column":0},"end":{"line":394,"column":52}},"394":{"start":{"line":395,"column":0},"end":{"line":395,"column":7}},"395":{"start":{"line":396,"column":0},"end":{"line":396,"column":15}},"397":{"start":{"line":398,"column":0},"end":{"line":398,"column":51}},"398":{"start":{"line":399,"column":0},"end":{"line":399,"column":27}},"399":{"start":{"line":400,"column":0},"end":{"line":400,"column":7}},"400":{"start":{"line":401,"column":0},"end":{"line":401,"column":5}},"401":{"start":{"line":402,"column":0},"end":{"line":402,"column":3}},"403":{"start":{"line":404,"column":0},"end":{"line":404,"column":74}},"404":{"start":{"line":405,"column":0},"end":{"line":405,"column":43}},"405":{"start":{"line":406,"column":0},"end":{"line":406,"column":24}},"406":{"start":{"line":407,"column":0},"end":{"line":407,"column":21}},"407":{"start":{"line":408,"column":0},"end":{"line":408,"column":5}},"408":{"start":{"line":409,"column":0},"end":{"line":409,"column":3}},"410":{"start":{"line":411,"column":0},"end":{"line":411,"column":29}},"411":{"start":{"line":412,"column":0},"end":{"line":412,"column":73}},"412":{"start":{"line":413,"column":0},"end":{"line":413,"column":75}},"413":{"start":{"line":414,"column":0},"end":{"line":414,"column":73}},"414":{"start":{"line":415,"column":0},"end":{"line":415,"column":64}},"415":{"start":{"line":416,"column":0},"end":{"line":416,"column":3}},"417":{"start":{"line":418,"column":0},"end":{"line":418,"column":10}},"418":{"start":{"line":419,"column":0},"end":{"line":419,"column":65}},"419":{"start":{"line":420,"column":0},"end":{"line":420,"column":14}},"420":{"start":{"line":421,"column":0},"end":{"line":421,"column":26}},"421":{"start":{"line":422,"column":0},"end":{"line":422,"column":37}},"422":{"start":{"line":423,"column":0},"end":{"line":423,"column":39}},"423":{"start":{"line":424,"column":0},"end":{"line":424,"column":33}},"424":{"start":{"line":425,"column":0},"end":{"line":425,"column":39}},"425":{"start":{"line":426,"column":0},"end":{"line":426,"column":8}},"427":{"start":{"line":428,"column":0},"end":{"line":428,"column":103}},"428":{"start":{"line":429,"column":0},"end":{"line":429,"column":111}},"429":{"start":{"line":430,"column":0},"end":{"line":430,"column":68}},"430":{"start":{"line":431,"column":0},"end":{"line":431,"column":53}},"431":{"start":{"line":432,"column":0},"end":{"line":432,"column":18}},"432":{"start":{"line":433,"column":0},"end":{"line":433,"column":26}},"433":{"start":{"line":434,"column":0},"end":{"line":434,"column":36}},"434":{"start":{"line":435,"column":0},"end":{"line":435,"column":80}},"435":{"start":{"line":436,"column":0},"end":{"line":436,"column":16}},"436":{"start":{"line":437,"column":0},"end":{"line":437,"column":19}},"437":{"start":{"line":438,"column":0},"end":{"line":438,"column":69}},"438":{"start":{"line":439,"column":0},"end":{"line":439,"column":84}},"439":{"start":{"line":440,"column":0},"end":{"line":440,"column":20}},"440":{"start":{"line":441,"column":0},"end":{"line":441,"column":18}},"442":{"start":{"line":443,"column":0},"end":{"line":443,"column":53}},"443":{"start":{"line":444,"column":0},"end":{"line":444,"column":21}},"444":{"start":{"line":445,"column":0},"end":{"line":445,"column":62}},"445":{"start":{"line":446,"column":0},"end":{"line":446,"column":165}},"446":{"start":{"line":447,"column":0},"end":{"line":447,"column":44}},"447":{"start":{"line":448,"column":0},"end":{"line":448,"column":41}},"448":{"start":{"line":449,"column":0},"end":{"line":449,"column":15}},"450":{"start":{"line":451,"column":0},"end":{"line":451,"column":23}},"452":{"start":{"line":453,"column":0},"end":{"line":453,"column":21}},"453":{"start":{"line":454,"column":0},"end":{"line":454,"column":58}},"454":{"start":{"line":455,"column":0},"end":{"line":455,"column":165}},"455":{"start":{"line":456,"column":0},"end":{"line":456,"column":45}},"457":{"start":{"line":458,"column":0},"end":{"line":458,"column":42}},"458":{"start":{"line":459,"column":0},"end":{"line":459,"column":23}},"459":{"start":{"line":460,"column":0},"end":{"line":460,"column":18}},"460":{"start":{"line":461,"column":0},"end":{"line":461,"column":16}},"461":{"start":{"line":462,"column":0},"end":{"line":462,"column":17}},"463":{"start":{"line":464,"column":0},"end":{"line":464,"column":26}},"464":{"start":{"line":465,"column":0},"end":{"line":465,"column":119}},"465":{"start":{"line":466,"column":0},"end":{"line":466,"column":47}},"466":{"start":{"line":467,"column":0},"end":{"line":467,"column":90}},"468":{"start":{"line":469,"column":0},"end":{"line":469,"column":19}},"469":{"start":{"line":470,"column":0},"end":{"line":470,"column":69}},"470":{"start":{"line":471,"column":0},"end":{"line":471,"column":21}},"471":{"start":{"line":472,"column":0},"end":{"line":472,"column":89}},"472":{"start":{"line":473,"column":0},"end":{"line":473,"column":59}},"473":{"start":{"line":474,"column":0},"end":{"line":474,"column":26}},"474":{"start":{"line":475,"column":0},"end":{"line":475,"column":24}},"475":{"start":{"line":476,"column":0},"end":{"line":476,"column":32}},"476":{"start":{"line":477,"column":0},"end":{"line":477,"column":27}},"477":{"start":{"line":478,"column":0},"end":{"line":478,"column":28}},"478":{"start":{"line":479,"column":0},"end":{"line":479,"column":38}},"479":{"start":{"line":480,"column":0},"end":{"line":480,"column":93}},"480":{"start":{"line":481,"column":0},"end":{"line":481,"column":38}},"481":{"start":{"line":482,"column":0},"end":{"line":482,"column":20}},"482":{"start":{"line":483,"column":0},"end":{"line":483,"column":22}},"484":{"start":{"line":485,"column":0},"end":{"line":485,"column":57}},"485":{"start":{"line":486,"column":0},"end":{"line":486,"column":24}},"486":{"start":{"line":487,"column":0},"end":{"line":487,"column":35}},"487":{"start":{"line":488,"column":0},"end":{"line":488,"column":30}},"488":{"start":{"line":489,"column":0},"end":{"line":489,"column":47}},"489":{"start":{"line":490,"column":0},"end":{"line":490,"column":92}},"490":{"start":{"line":491,"column":0},"end":{"line":491,"column":39}},"491":{"start":{"line":492,"column":0},"end":{"line":492,"column":20}},"492":{"start":{"line":493,"column":0},"end":{"line":493,"column":94}},"494":{"start":{"line":495,"column":0},"end":{"line":495,"column":26}},"495":{"start":{"line":496,"column":0},"end":{"line":496,"column":22}},"497":{"start":{"line":498,"column":0},"end":{"line":498,"column":57}},"498":{"start":{"line":499,"column":0},"end":{"line":499,"column":24}},"499":{"start":{"line":500,"column":0},"end":{"line":500,"column":35}},"500":{"start":{"line":501,"column":0},"end":{"line":501,"column":31}},"501":{"start":{"line":502,"column":0},"end":{"line":502,"column":48}},"502":{"start":{"line":503,"column":0},"end":{"line":503,"column":93}},"503":{"start":{"line":504,"column":0},"end":{"line":504,"column":39}},"504":{"start":{"line":505,"column":0},"end":{"line":505,"column":20}},"505":{"start":{"line":506,"column":0},"end":{"line":506,"column":95}},"507":{"start":{"line":508,"column":0},"end":{"line":508,"column":26}},"508":{"start":{"line":509,"column":0},"end":{"line":509,"column":22}},"509":{"start":{"line":510,"column":0},"end":{"line":510,"column":20}},"510":{"start":{"line":511,"column":0},"end":{"line":511,"column":18}},"511":{"start":{"line":512,"column":0},"end":{"line":512,"column":16}},"514":{"start":{"line":515,"column":0},"end":{"line":515,"column":59}},"515":{"start":{"line":516,"column":0},"end":{"line":516,"column":36}},"516":{"start":{"line":517,"column":0},"end":{"line":517,"column":69}},"517":{"start":{"line":518,"column":0},"end":{"line":518,"column":65}},"518":{"start":{"line":519,"column":0},"end":{"line":519,"column":75}},"519":{"start":{"line":520,"column":0},"end":{"line":520,"column":95}},"521":{"start":{"line":522,"column":0},"end":{"line":522,"column":21}},"522":{"start":{"line":523,"column":0},"end":{"line":523,"column":77}},"524":{"start":{"line":525,"column":0},"end":{"line":525,"column":20}},"525":{"start":{"line":526,"column":0},"end":{"line":526,"column":76}},"526":{"start":{"line":527,"column":0},"end":{"line":527,"column":61}},"527":{"start":{"line":528,"column":0},"end":{"line":528,"column":27}},"528":{"start":{"line":529,"column":0},"end":{"line":529,"column":33}},"529":{"start":{"line":530,"column":0},"end":{"line":530,"column":59}},"530":{"start":{"line":531,"column":0},"end":{"line":531,"column":267}},"532":{"start":{"line":533,"column":0},"end":{"line":533,"column":74}},"533":{"start":{"line":534,"column":0},"end":{"line":534,"column":35}},"534":{"start":{"line":535,"column":0},"end":{"line":535,"column":29}},"535":{"start":{"line":536,"column":0},"end":{"line":536,"column":21}},"536":{"start":{"line":537,"column":0},"end":{"line":537,"column":22}},"537":{"start":{"line":538,"column":0},"end":{"line":538,"column":20}},"538":{"start":{"line":539,"column":0},"end":{"line":539,"column":18}},"540":{"start":{"line":541,"column":0},"end":{"line":541,"column":54}},"541":{"start":{"line":542,"column":0},"end":{"line":542,"column":42}},"542":{"start":{"line":543,"column":0},"end":{"line":543,"column":70}},"543":{"start":{"line":544,"column":0},"end":{"line":544,"column":58}},"544":{"start":{"line":545,"column":0},"end":{"line":545,"column":149}},"545":{"start":{"line":546,"column":0},"end":{"line":546,"column":61}},"546":{"start":{"line":547,"column":0},"end":{"line":547,"column":26}},"547":{"start":{"line":548,"column":0},"end":{"line":548,"column":95}},"548":{"start":{"line":549,"column":0},"end":{"line":549,"column":100}},"549":{"start":{"line":550,"column":0},"end":{"line":550,"column":71}},"550":{"start":{"line":551,"column":0},"end":{"line":551,"column":28}},"553":{"start":{"line":554,"column":0},"end":{"line":554,"column":76}},"554":{"start":{"line":555,"column":0},"end":{"line":555,"column":152}},"555":{"start":{"line":556,"column":0},"end":{"line":556,"column":211}},"556":{"start":{"line":557,"column":0},"end":{"line":557,"column":107}},"557":{"start":{"line":558,"column":0},"end":{"line":558,"column":312}},"558":{"start":{"line":559,"column":0},"end":{"line":559,"column":34}},"560":{"start":{"line":561,"column":0},"end":{"line":561,"column":36}},"561":{"start":{"line":562,"column":0},"end":{"line":562,"column":166}},"562":{"start":{"line":563,"column":0},"end":{"line":563,"column":72}},"563":{"start":{"line":564,"column":0},"end":{"line":564,"column":48}},"564":{"start":{"line":565,"column":0},"end":{"line":565,"column":34}},"565":{"start":{"line":566,"column":0},"end":{"line":566,"column":32}},"566":{"start":{"line":567,"column":0},"end":{"line":567,"column":34}},"570":{"start":{"line":571,"column":0},"end":{"line":571,"column":116}},"571":{"start":{"line":572,"column":0},"end":{"line":572,"column":38}},"572":{"start":{"line":573,"column":0},"end":{"line":573,"column":39}},"574":{"start":{"line":575,"column":0},"end":{"line":575,"column":54}},"575":{"start":{"line":576,"column":0},"end":{"line":576,"column":149}},"578":{"start":{"line":579,"column":0},"end":{"line":579,"column":78}},"579":{"start":{"line":580,"column":0},"end":{"line":580,"column":80}},"580":{"start":{"line":581,"column":0},"end":{"line":581,"column":45}},"581":{"start":{"line":582,"column":0},"end":{"line":582,"column":137}},"582":{"start":{"line":583,"column":0},"end":{"line":583,"column":151}},"583":{"start":{"line":584,"column":0},"end":{"line":584,"column":30}},"585":{"start":{"line":586,"column":0},"end":{"line":586,"column":116}},"586":{"start":{"line":587,"column":0},"end":{"line":587,"column":119}},"588":{"start":{"line":589,"column":0},"end":{"line":589,"column":113}},"589":{"start":{"line":590,"column":0},"end":{"line":590,"column":112}},"590":{"start":{"line":591,"column":0},"end":{"line":591,"column":116}},"591":{"start":{"line":592,"column":0},"end":{"line":592,"column":28}},"593":{"start":{"line":594,"column":0},"end":{"line":594,"column":43}},"594":{"start":{"line":595,"column":0},"end":{"line":595,"column":40}},"595":{"start":{"line":596,"column":0},"end":{"line":596,"column":28}},"596":{"start":{"line":597,"column":0},"end":{"line":597,"column":26}},"597":{"start":{"line":598,"column":0},"end":{"line":598,"column":24}},"598":{"start":{"line":599,"column":0},"end":{"line":599,"column":22}},"599":{"start":{"line":600,"column":0},"end":{"line":600,"column":17}},"600":{"start":{"line":601,"column":0},"end":{"line":601,"column":29}},"601":{"start":{"line":602,"column":0},"end":{"line":602,"column":53}},"602":{"start":{"line":603,"column":0},"end":{"line":603,"column":58}},"603":{"start":{"line":604,"column":0},"end":{"line":604,"column":149}},"605":{"start":{"line":606,"column":0},"end":{"line":606,"column":26}},"606":{"start":{"line":607,"column":0},"end":{"line":607,"column":98}},"607":{"start":{"line":608,"column":0},"end":{"line":608,"column":105}},"609":{"start":{"line":610,"column":0},"end":{"line":610,"column":28}},"610":{"start":{"line":611,"column":0},"end":{"line":611,"column":55}},"611":{"start":{"line":612,"column":0},"end":{"line":612,"column":120}},"612":{"start":{"line":613,"column":0},"end":{"line":613,"column":143}},"613":{"start":{"line":614,"column":0},"end":{"line":614,"column":143}},"614":{"start":{"line":615,"column":0},"end":{"line":615,"column":28}},"615":{"start":{"line":616,"column":0},"end":{"line":616,"column":26}},"616":{"start":{"line":617,"column":0},"end":{"line":617,"column":24}},"617":{"start":{"line":618,"column":0},"end":{"line":618,"column":22}},"619":{"start":{"line":620,"column":0},"end":{"line":620,"column":42}},"620":{"start":{"line":621,"column":0},"end":{"line":621,"column":18}},"622":{"start":{"line":623,"column":0},"end":{"line":623,"column":15}},"624":{"start":{"line":625,"column":0},"end":{"line":625,"column":151}},"625":{"start":{"line":626,"column":0},"end":{"line":626,"column":77}},"626":{"start":{"line":627,"column":0},"end":{"line":627,"column":235}},"627":{"start":{"line":628,"column":0},"end":{"line":628,"column":23}},"628":{"start":{"line":629,"column":0},"end":{"line":629,"column":29}},"629":{"start":{"line":630,"column":0},"end":{"line":630,"column":58}},"630":{"start":{"line":631,"column":0},"end":{"line":631,"column":41}},"631":{"start":{"line":632,"column":0},"end":{"line":632,"column":107}},"632":{"start":{"line":633,"column":0},"end":{"line":633,"column":195}},"633":{"start":{"line":634,"column":0},"end":{"line":634,"column":24}},"634":{"start":{"line":635,"column":0},"end":{"line":635,"column":36}},"635":{"start":{"line":636,"column":0},"end":{"line":636,"column":16}},"636":{"start":{"line":637,"column":0},"end":{"line":637,"column":21}},"637":{"start":{"line":638,"column":0},"end":{"line":638,"column":29}},"638":{"start":{"line":639,"column":0},"end":{"line":639,"column":53}},"639":{"start":{"line":640,"column":0},"end":{"line":640,"column":266}},"641":{"start":{"line":642,"column":0},"end":{"line":642,"column":93}},"642":{"start":{"line":643,"column":0},"end":{"line":643,"column":23}},"643":{"start":{"line":644,"column":0},"end":{"line":644,"column":18}},"644":{"start":{"line":645,"column":0},"end":{"line":645,"column":17}},"645":{"start":{"line":646,"column":0},"end":{"line":646,"column":17}},"646":{"start":{"line":647,"column":0},"end":{"line":647,"column":12}},"647":{"start":{"line":648,"column":0},"end":{"line":648,"column":10}},"649":{"start":{"line":650,"column":0},"end":{"line":650,"column":1}},"651":{"start":{"line":652,"column":0},"end":{"line":652,"column":18}}},"s":{"0":1,"1":1,"2":1,"4":1,"24":1,"25":1,"27":1,"28":1,"29":383,"30":383,"31":383,"33":143,"34":143,"35":144,"36":144,"37":144,"38":212,"39":212,"40":144,"41":143,"42":383,"43":1,"44":1,"45":1,"46":383,"48":1,"49":41,"50":41,"52":41,"53":41,"54":41,"55":0,"57":41,"58":22,"59":22,"60":22,"61":22,"62":22,"63":22,"64":22,"65":22,"66":22,"67":22,"68":22,"69":22,"70":22,"72":19,"73":19,"74":19,"75":19,"76":19,"77":19,"78":19,"80":19,"81":19,"82":19,"83":41,"84":0,"85":0,"86":0,"87":41,"89":1,"90":1,"91":1,"92":1,"94":1,"95":1,"96":1,"97":1,"98":1,"99":1,"100":0,"101":0,"102":1,"103":1,"114":298,"115":298,"116":298,"117":298,"118":298,"119":298,"120":298,"121":298,"123":298,"124":298,"125":298,"126":298,"127":298,"128":298,"130":298,"131":79,"132":79,"134":79,"135":77,"136":79,"137":1,"138":1,"139":0,"140":1,"141":1,"142":1,"143":298,"145":298,"146":298,"148":298,"150":298,"151":298,"152":298,"153":298,"154":298,"155":298,"157":298,"158":298,"159":298,"160":298,"162":298,"163":298,"164":1192,"166":78,"167":78,"168":78,"169":78,"170":78,"171":78,"172":78,"173":79,"174":79,"175":79,"176":79,"177":70,"178":9,"179":79,"181":79,"182":79,"183":79,"185":79,"186":79,"187":79,"188":79,"189":79,"190":79,"191":79,"193":79,"194":79,"195":1,"196":1,"197":1,"198":1,"199":1,"200":79,"201":79,"203":79,"204":79,"205":79,"206":79,"207":79,"208":78,"209":78,"210":78,"212":298,"214":298,"215":222,"217":222,"219":298,"221":298,"222":298,"223":298,"224":298,"225":298,"226":298,"228":298,"231":298,"232":298,"233":298,"234":298,"235":298,"236":298,"237":298,"238":298,"239":298,"240":298,"242":298,"243":79,"244":79,"246":298,"247":79,"248":298,"250":298,"251":39,"252":1,"253":39,"254":38,"255":38,"256":298,"258":298,"259":79,"260":41,"261":41,"262":41,"263":41,"264":41,"265":41,"266":19,"267":19,"268":41,"269":41,"270":298,"272":298,"273":1,"274":1,"275":1,"276":1,"277":1,"278":1,"280":298,"281":1,"282":1,"283":1,"284":1,"285":1,"287":1,"288":1,"290":298,"291":1,"292":1,"294":1,"295":0,"296":0,"297":1,"300":298,"302":19,"303":2,"305":2,"307":2,"310":2,"313":2,"314":2,"315":2,"318":2,"319":0,"320":2,"321":0,"322":0,"325":2,"326":2,"327":2,"328":2,"329":2,"332":17,"333":19,"335":298,"336":20,"338":20,"340":20,"341":20,"342":20,"343":20,"344":20,"345":20,"347":20,"348":20,"349":20,"352":20,"354":20,"355":20,"359":20,"361":20,"362":20,"363":20,"364":20,"365":20,"366":20,"367":20,"370":20,"371":19,"372":20,"374":0,"375":0,"376":0,"377":0,"378":0,"379":0,"380":0,"381":20,"382":1,"384":1,"385":1,"386":1,"387":1,"388":1,"389":1,"392":1,"393":1,"394":1,"395":20,"397":20,"398":20,"399":20,"400":20,"401":20,"403":298,"404":183,"405":19,"406":19,"407":19,"408":183,"410":298,"411":298,"412":298,"413":298,"414":298,"415":298,"417":298,"418":298,"419":298,"420":298,"421":298,"422":298,"423":298,"424":298,"425":298,"427":298,"428":298,"429":298,"430":298,"431":298,"432":298,"433":298,"434":298,"435":298,"436":298,"437":298,"438":298,"439":298,"440":298,"442":298,"443":298,"444":298,"445":298,"446":298,"447":298,"448":298,"450":298,"452":298,"453":298,"454":298,"455":298,"457":298,"458":298,"459":298,"460":298,"461":298,"463":298,"464":31,"465":31,"466":31,"468":31,"469":31,"470":31,"471":31,"472":31,"473":31,"474":31,"475":31,"476":31,"477":31,"478":31,"479":31,"480":31,"481":31,"482":31,"484":31,"485":31,"486":31,"487":31,"488":31,"489":31,"490":31,"491":31,"492":31,"494":31,"495":31,"497":31,"498":31,"499":31,"500":31,"501":31,"502":31,"503":31,"504":31,"505":31,"507":31,"508":31,"509":31,"510":31,"511":31,"514":298,"515":298,"516":209,"517":209,"518":209,"519":209,"521":209,"522":209,"524":209,"525":209,"526":209,"527":836,"528":836,"529":836,"530":836,"532":836,"533":836,"534":836,"535":209,"536":209,"537":209,"538":209,"540":89,"541":89,"542":146,"543":146,"544":146,"545":146,"546":146,"547":146,"548":146,"549":146,"550":146,"553":146,"554":4,"555":4,"556":4,"557":4,"558":4,"560":4,"561":4,"562":4,"563":4,"564":4,"565":4,"566":4,"570":146,"571":146,"572":146,"574":146,"575":0,"578":146,"579":0,"580":0,"581":0,"582":0,"583":0,"585":146,"586":146,"588":146,"589":146,"590":146,"591":146,"593":146,"594":146,"595":146,"596":146,"597":146,"598":146,"599":89,"600":89,"601":40,"602":40,"603":40,"605":40,"606":40,"607":40,"609":40,"610":40,"611":40,"612":40,"613":40,"614":40,"615":40,"616":40,"617":40,"619":89,"620":89,"622":298,"624":298,"625":298,"626":298,"627":298,"628":298,"629":298,"630":298,"631":298,"632":298,"633":298,"634":298,"635":298,"636":298,"637":298,"638":298,"639":298,"641":298,"642":298,"643":298,"644":298,"645":298,"646":298,"647":298,"649":298,"651":1},"branchMap":{"0":{"type":"branch","line":29,"loc":{"start":{"line":29,"column":2},"end":{"line":47,"column":4}},"locations":[{"start":{"line":29,"column":2},"end":{"line":47,"column":4}}]},"1":{"type":"branch","line":32,"loc":{"start":{"line":32,"column":19},"end":{"line":32,"column":28}},"locations":[{"start":{"line":32,"column":19},"end":{"line":32,"column":28}}]},"2":{"type":"branch","line":32,"loc":{"start":{"line":32,"column":27},"end":{"line":43,"column":13}},"locations":[{"start":{"line":32,"column":27},"end":{"line":43,"column":13}}]},"3":{"type":"branch","line":43,"loc":{"start":{"line":43,"column":4},"end":{"line":46,"column":5}},"locations":[{"start":{"line":43,"column":4},"end":{"line":46,"column":5}}]},"4":{"type":"branch","line":35,"loc":{"start":{"line":35,"column":23},"end":{"line":42,"column":8}},"locations":[{"start":{"line":35,"column":23},"end":{"line":42,"column":8}}]},"5":{"type":"branch","line":38,"loc":{"start":{"line":38,"column":36},"end":{"line":41,"column":10}},"locations":[{"start":{"line":38,"column":36},"end":{"line":41,"column":10}}]},"6":{"type":"branch","line":49,"loc":{"start":{"line":49,"column":2},"end":{"line":88,"column":4}},"locations":[{"start":{"line":49,"column":2},"end":{"line":88,"column":4}}]},"7":{"type":"branch","line":55,"loc":{"start":{"line":55,"column":77},"end":{"line":55,"column":90}},"locations":[{"start":{"line":55,"column":77},"end":{"line":55,"column":90}}]},"8":{"type":"branch","line":55,"loc":{"start":{"line":55,"column":82},"end":{"line":55,"column":93}},"locations":[{"start":{"line":55,"column":82},"end":{"line":55,"column":93}}]},"9":{"type":"branch","line":55,"loc":{"start":{"line":55,"column":90},"end":{"line":56,"column":20}},"locations":[{"start":{"line":55,"column":90},"end":{"line":56,"column":20}}]},"10":{"type":"branch","line":58,"loc":{"start":{"line":58,"column":18},"end":{"line":71,"column":7}},"locations":[{"start":{"line":58,"column":18},"end":{"line":71,"column":7}}]},"11":{"type":"branch","line":71,"loc":{"start":{"line":71,"column":6},"end":{"line":84,"column":13}},"locations":[{"start":{"line":71,"column":6},"end":{"line":84,"column":13}}]},"12":{"type":"branch","line":84,"loc":{"start":{"line":84,"column":4},"end":{"line":87,"column":5}},"locations":[{"start":{"line":84,"column":4},"end":{"line":87,"column":5}}]},"13":{"type":"branch","line":53,"loc":{"start":{"line":53,"column":41},"end":{"line":53,"column":63}},"locations":[{"start":{"line":53,"column":41},"end":{"line":53,"column":63}}]},"14":{"type":"branch","line":59,"loc":{"start":{"line":59,"column":38},"end":{"line":59,"column":58}},"locations":[{"start":{"line":59,"column":38},"end":{"line":59,"column":58}}]},"15":{"type":"branch","line":90,"loc":{"start":{"line":90,"column":2},"end":{"line":93,"column":4}},"locations":[{"start":{"line":90,"column":2},"end":{"line":93,"column":4}}]},"16":{"type":"branch","line":92,"loc":{"start":{"line":92,"column":44},"end":{"line":92,"column":53}},"locations":[{"start":{"line":92,"column":44},"end":{"line":92,"column":53}}]},"17":{"type":"branch","line":92,"loc":{"start":{"line":92,"column":22},"end":{"line":92,"column":44}},"locations":[{"start":{"line":92,"column":22},"end":{"line":92,"column":44}}]},"18":{"type":"branch","line":95,"loc":{"start":{"line":95,"column":2},"end":{"line":103,"column":4}},"locations":[{"start":{"line":95,"column":2},"end":{"line":103,"column":4}}]},"19":{"type":"branch","line":100,"loc":{"start":{"line":100,"column":4},"end":{"line":102,"column":5}},"locations":[{"start":{"line":100,"column":4},"end":{"line":102,"column":5}}]},"20":{"type":"branch","line":98,"loc":{"start":{"line":98,"column":36},"end":{"line":98,"column":58}},"locations":[{"start":{"line":98,"column":36},"end":{"line":98,"column":58}}]},"21":{"type":"branch","line":115,"loc":{"start":{"line":115,"column":0},"end":{"line":229,"column":1}},"locations":[{"start":{"line":115,"column":0},"end":{"line":229,"column":1}}]},"22":{"type":"branch","line":215,"loc":{"start":{"line":215,"column":26},"end":{"line":218,"column":16}},"locations":[{"start":{"line":215,"column":26},"end":{"line":218,"column":16}}]},"23":{"type":"branch","line":224,"loc":{"start":{"line":224,"column":53},"end":{"line":224,"column":63}},"locations":[{"start":{"line":224,"column":53},"end":{"line":224,"column":63}}]},"24":{"type":"branch","line":224,"loc":{"start":{"line":224,"column":57},"end":{"line":224,"column":66}},"locations":[{"start":{"line":224,"column":57},"end":{"line":224,"column":66}}]},"25":{"type":"branch","line":116,"loc":{"start":{"line":116,"column":27},"end":{"line":147,"column":3}},"locations":[{"start":{"line":116,"column":27},"end":{"line":147,"column":3}}]},"26":{"type":"branch","line":131,"loc":{"start":{"line":131,"column":18},"end":{"line":144,"column":5}},"locations":[{"start":{"line":131,"column":18},"end":{"line":144,"column":5}}]},"27":{"type":"branch","line":135,"loc":{"start":{"line":135,"column":49},"end":{"line":137,"column":17}},"locations":[{"start":{"line":135,"column":49},"end":{"line":137,"column":17}}]},"28":{"type":"branch","line":137,"loc":{"start":{"line":137,"column":6},"end":{"line":143,"column":7}},"locations":[{"start":{"line":137,"column":6},"end":{"line":143,"column":7}}]},"29":{"type":"branch","line":137,"loc":{"start":{"line":137,"column":60},"end":{"line":143,"column":7}},"locations":[{"start":{"line":137,"column":60},"end":{"line":143,"column":7}}]},"30":{"type":"branch","line":139,"loc":{"start":{"line":139,"column":39},"end":{"line":141,"column":13}},"locations":[{"start":{"line":139,"column":39},"end":{"line":141,"column":13}}]},"31":{"type":"branch","line":164,"loc":{"start":{"line":164,"column":42},"end":{"line":213,"column":9}},"locations":[{"start":{"line":164,"column":42},"end":{"line":213,"column":9}}]},"32":{"type":"branch","line":165,"loc":{"start":{"line":165,"column":39},"end":{"line":165,"column":50}},"locations":[{"start":{"line":165,"column":39},"end":{"line":165,"column":50}}]},"33":{"type":"branch","line":165,"loc":{"start":{"line":165,"column":46},"end":{"line":211,"column":18}},"locations":[{"start":{"line":165,"column":46},"end":{"line":211,"column":18}}]},"34":{"type":"branch","line":173,"loc":{"start":{"line":173,"column":32},"end":{"line":208,"column":24}},"locations":[{"start":{"line":173,"column":32},"end":{"line":208,"column":24}}]},"35":{"type":"branch","line":177,"loc":{"start":{"line":177,"column":45},"end":{"line":178,"column":63}},"locations":[{"start":{"line":177,"column":45},"end":{"line":178,"column":63}}]},"36":{"type":"branch","line":178,"loc":{"start":{"line":178,"column":26},"end":{"line":179,"column":68}},"locations":[{"start":{"line":178,"column":26},"end":{"line":179,"column":68}}]},"37":{"type":"branch","line":183,"loc":{"start":{"line":183,"column":31},"end":{"line":183,"column":59}},"locations":[{"start":{"line":183,"column":31},"end":{"line":183,"column":59}}]},"38":{"type":"branch","line":195,"loc":{"start":{"line":195,"column":31},"end":{"line":200,"column":24}},"locations":[{"start":{"line":195,"column":31},"end":{"line":200,"column":24}}]},"39":{"type":"branch","line":232,"loc":{"start":{"line":232,"column":0},"end":{"line":650,"column":1}},"locations":[{"start":{"line":232,"column":0},"end":{"line":650,"column":1}}]},"40":{"type":"branch","line":419,"loc":{"start":{"line":419,"column":37},"end":{"line":419,"column":59}},"locations":[{"start":{"line":419,"column":37},"end":{"line":419,"column":59}}]},"41":{"type":"branch","line":419,"loc":{"start":{"line":419,"column":50},"end":{"line":419,"column":61}},"locations":[{"start":{"line":419,"column":50},"end":{"line":419,"column":61}}]},"42":{"type":"branch","line":458,"loc":{"start":{"line":458,"column":17},"end":{"line":458,"column":37}},"locations":[{"start":{"line":458,"column":17},"end":{"line":458,"column":37}}]},"43":{"type":"branch","line":458,"loc":{"start":{"line":458,"column":30},"end":{"line":458,"column":42}},"locations":[{"start":{"line":458,"column":30},"end":{"line":458,"column":42}}]},"44":{"type":"branch","line":464,"loc":{"start":{"line":464,"column":9},"end":{"line":512,"column":16}},"locations":[{"start":{"line":464,"column":9},"end":{"line":512,"column":16}}]},"45":{"type":"branch","line":516,"loc":{"start":{"line":516,"column":31},"end":{"line":539,"column":18}},"locations":[{"start":{"line":516,"column":31},"end":{"line":539,"column":18}}]},"46":{"type":"branch","line":539,"loc":{"start":{"line":539,"column":12},"end":{"line":621,"column":18}},"locations":[{"start":{"line":539,"column":12},"end":{"line":621,"column":18}}]},"47":{"type":"branch","line":601,"loc":{"start":{"line":601,"column":15},"end":{"line":618,"column":22}},"locations":[{"start":{"line":601,"column":15},"end":{"line":618,"column":22}}]},"48":{"type":"branch","line":639,"loc":{"start":{"line":639,"column":38},"end":{"line":639,"column":53}},"locations":[{"start":{"line":639,"column":38},"end":{"line":639,"column":53}}]},"49":{"type":"branch","line":243,"loc":{"start":{"line":243,"column":25},"end":{"line":245,"column":3}},"locations":[{"start":{"line":243,"column":25},"end":{"line":245,"column":3}}]},"50":{"type":"branch","line":244,"loc":{"start":{"line":244,"column":19},"end":{"line":244,"column":43}},"locations":[{"start":{"line":244,"column":19},"end":{"line":244,"column":43}}]},"51":{"type":"branch","line":247,"loc":{"start":{"line":247,"column":12},"end":{"line":249,"column":5}},"locations":[{"start":{"line":247,"column":12},"end":{"line":249,"column":5}}]},"52":{"type":"branch","line":251,"loc":{"start":{"line":251,"column":12},"end":{"line":257,"column":5}},"locations":[{"start":{"line":251,"column":12},"end":{"line":257,"column":5}}]},"53":{"type":"branch","line":252,"loc":{"start":{"line":252,"column":20},"end":{"line":254,"column":11}},"locations":[{"start":{"line":252,"column":20},"end":{"line":254,"column":11}}]},"54":{"type":"branch","line":254,"loc":{"start":{"line":254,"column":4},"end":{"line":256,"column":5}},"locations":[{"start":{"line":254,"column":4},"end":{"line":256,"column":5}}]},"55":{"type":"branch","line":259,"loc":{"start":{"line":259,"column":12},"end":{"line":271,"column":5}},"locations":[{"start":{"line":259,"column":12},"end":{"line":271,"column":5}}]},"56":{"type":"branch","line":260,"loc":{"start":{"line":260,"column":29},"end":{"line":270,"column":5}},"locations":[{"start":{"line":260,"column":29},"end":{"line":270,"column":5}}]},"57":{"type":"branch","line":266,"loc":{"start":{"line":266,"column":26},"end":{"line":268,"column":7}},"locations":[{"start":{"line":266,"column":26},"end":{"line":268,"column":7}}]},"58":{"type":"branch","line":273,"loc":{"start":{"line":273,"column":24},"end":{"line":279,"column":3}},"locations":[{"start":{"line":273,"column":24},"end":{"line":279,"column":3}}]},"59":{"type":"branch","line":281,"loc":{"start":{"line":281,"column":27},"end":{"line":289,"column":3}},"locations":[{"start":{"line":281,"column":27},"end":{"line":289,"column":3}}]},"60":{"type":"branch","line":291,"loc":{"start":{"line":291,"column":27},"end":{"line":298,"column":3}},"locations":[{"start":{"line":291,"column":27},"end":{"line":298,"column":3}}]},"61":{"type":"branch","line":295,"loc":{"start":{"line":295,"column":34},"end":{"line":297,"column":5}},"locations":[{"start":{"line":295,"column":34},"end":{"line":297,"column":5}}]},"62":{"type":"branch","line":301,"loc":{"start":{"line":301,"column":37},"end":{"line":334,"column":3}},"locations":[{"start":{"line":301,"column":37},"end":{"line":334,"column":3}}]},"63":{"type":"branch","line":303,"loc":{"start":{"line":303,"column":35},"end":{"line":330,"column":5}},"locations":[{"start":{"line":303,"column":35},"end":{"line":330,"column":5}}]},"64":{"type":"branch","line":319,"loc":{"start":{"line":319,"column":46},"end":{"line":321,"column":19}},"locations":[{"start":{"line":319,"column":46},"end":{"line":321,"column":19}}]},"65":{"type":"branch","line":321,"loc":{"start":{"line":321,"column":49},"end":{"line":323,"column":9}},"locations":[{"start":{"line":321,"column":49},"end":{"line":323,"column":9}}]},"66":{"type":"branch","line":330,"loc":{"start":{"line":330,"column":4},"end":{"line":333,"column":43}},"locations":[{"start":{"line":330,"column":4},"end":{"line":333,"column":43}}]},"67":{"type":"branch","line":336,"loc":{"start":{"line":336,"column":23},"end":{"line":402,"column":3}},"locations":[{"start":{"line":336,"column":23},"end":{"line":402,"column":3}}]},"68":{"type":"branch","line":339,"loc":{"start":{"line":339,"column":36},"end":{"line":339,"column":42}},"locations":[{"start":{"line":339,"column":36},"end":{"line":339,"column":42}}]},"69":{"type":"branch","line":356,"loc":{"start":{"line":356,"column":78},"end":{"line":360,"column":81}},"locations":[{"start":{"line":356,"column":78},"end":{"line":360,"column":81}}]},"70":{"type":"branch","line":360,"loc":{"start":{"line":360,"column":71},"end":{"line":360,"column":103}},"locations":[{"start":{"line":360,"column":71},"end":{"line":360,"column":103}}]},"71":{"type":"branch","line":366,"loc":{"start":{"line":366,"column":18},"end":{"line":366,"column":40}},"locations":[{"start":{"line":366,"column":18},"end":{"line":366,"column":40}}]},"72":{"type":"branch","line":371,"loc":{"start":{"line":371,"column":50},"end":{"line":373,"column":13}},"locations":[{"start":{"line":371,"column":50},"end":{"line":373,"column":13}}]},"73":{"type":"branch","line":373,"loc":{"start":{"line":373,"column":6},"end":{"line":381,"column":7}},"locations":[{"start":{"line":373,"column":6},"end":{"line":381,"column":7}}]},"74":{"type":"branch","line":382,"loc":{"start":{"line":382,"column":4},"end":{"line":396,"column":6}},"locations":[{"start":{"line":382,"column":4},"end":{"line":396,"column":6}}]},"75":{"type":"branch","line":348,"loc":{"start":{"line":348,"column":16},"end":{"line":348,"column":46}},"locations":[{"start":{"line":348,"column":16},"end":{"line":348,"column":46}}]},"76":{"type":"branch","line":372,"loc":{"start":{"line":372,"column":20},"end":{"line":372,"column":55}},"locations":[{"start":{"line":372,"column":20},"end":{"line":372,"column":55}}]},"77":{"type":"branch","line":394,"loc":{"start":{"line":394,"column":20},"end":{"line":394,"column":51}},"locations":[{"start":{"line":394,"column":20},"end":{"line":394,"column":51}}]},"78":{"type":"branch","line":404,"loc":{"start":{"line":404,"column":24},"end":{"line":409,"column":3}},"locations":[{"start":{"line":404,"column":24},"end":{"line":409,"column":3}}]},"79":{"type":"branch","line":405,"loc":{"start":{"line":405,"column":18},"end":{"line":405,"column":42}},"locations":[{"start":{"line":405,"column":18},"end":{"line":405,"column":42}}]},"80":{"type":"branch","line":405,"loc":{"start":{"line":405,"column":42},"end":{"line":408,"column":5}},"locations":[{"start":{"line":405,"column":42},"end":{"line":408,"column":5}}]},"81":{"type":"branch","line":445,"loc":{"start":{"line":445,"column":25},"end":{"line":445,"column":62}},"locations":[{"start":{"line":445,"column":25},"end":{"line":445,"column":62}}]},"82":{"type":"branch","line":454,"loc":{"start":{"line":454,"column":25},"end":{"line":454,"column":58}},"locations":[{"start":{"line":454,"column":25},"end":{"line":454,"column":58}}]},"83":{"type":"branch","line":480,"loc":{"start":{"line":480,"column":30},"end":{"line":480,"column":93}},"locations":[{"start":{"line":480,"column":30},"end":{"line":480,"column":93}}]},"84":{"type":"branch","line":490,"loc":{"start":{"line":490,"column":30},"end":{"line":490,"column":92}},"locations":[{"start":{"line":490,"column":30},"end":{"line":490,"column":92}}]},"85":{"type":"branch","line":503,"loc":{"start":{"line":503,"column":30},"end":{"line":503,"column":93}},"locations":[{"start":{"line":503,"column":30},"end":{"line":503,"column":93}}]},"86":{"type":"branch","line":527,"loc":{"start":{"line":527,"column":41},"end":{"line":535,"column":29}},"locations":[{"start":{"line":527,"column":41},"end":{"line":535,"column":29}}]},"87":{"type":"branch","line":530,"loc":{"start":{"line":530,"column":31},"end":{"line":530,"column":59}},"locations":[{"start":{"line":530,"column":31},"end":{"line":530,"column":59}}]},"88":{"type":"branch","line":542,"loc":{"start":{"line":542,"column":28},"end":{"line":599,"column":22}},"locations":[{"start":{"line":542,"column":28},"end":{"line":599,"column":22}}]},"89":{"type":"branch","line":546,"loc":{"start":{"line":546,"column":40},"end":{"line":546,"column":56}},"locations":[{"start":{"line":546,"column":40},"end":{"line":546,"column":56}}]},"90":{"type":"branch","line":546,"loc":{"start":{"line":546,"column":49},"end":{"line":546,"column":61}},"locations":[{"start":{"line":546,"column":49},"end":{"line":546,"column":61}}]},"91":{"type":"branch","line":550,"loc":{"start":{"line":550,"column":42},"end":{"line":550,"column":59}},"locations":[{"start":{"line":550,"column":42},"end":{"line":550,"column":59}}]},"92":{"type":"branch","line":550,"loc":{"start":{"line":550,"column":51},"end":{"line":550,"column":71}},"locations":[{"start":{"line":550,"column":51},"end":{"line":550,"column":71}}]},"93":{"type":"branch","line":554,"loc":{"start":{"line":554,"column":40},"end":{"line":554,"column":76}},"locations":[{"start":{"line":554,"column":40},"end":{"line":554,"column":76}}]},"94":{"type":"branch","line":554,"loc":{"start":{"line":554,"column":63},"end":{"line":567,"column":34}},"locations":[{"start":{"line":554,"column":63},"end":{"line":567,"column":34}}]},"95":{"type":"branch","line":630,"loc":{"start":{"line":630,"column":26},"end":{"line":630,"column":58}},"locations":[{"start":{"line":630,"column":26},"end":{"line":630,"column":58}}]}},"b":{"0":[383],"1":[239],"2":[143],"3":[1],"4":[144],"5":[212],"6":[41],"7":[2],"8":[39],"9":[0],"10":[22],"11":[19],"12":[0],"13":[41],"14":[22],"15":[1],"16":[0],"17":[1],"18":[1],"19":[0],"20":[1],"21":[298],"22":[222],"23":[224],"24":[74],"25":[298],"26":[79],"27":[77],"28":[2],"29":[1],"30":[0],"31":[1192],"32":[1114],"33":[78],"34":[79],"35":[70],"36":[9],"37":[1],"38":[1],"39":[298],"40":[1],"41":[297],"42":[1],"43":[297],"44":[31],"45":[209],"46":[89],"47":[40],"48":[167],"49":[79],"50":[41],"51":[79],"52":[39],"53":[1],"54":[38],"55":[79],"56":[41],"57":[19],"58":[1],"59":[1],"60":[1],"61":[0],"62":[19],"63":[2],"64":[0],"65":[0],"66":[17],"67":[20],"68":[0],"69":[19],"70":[0],"71":[17],"72":[19],"73":[0],"74":[1],"75":[20],"76":[19],"77":[1],"78":[183],"79":[20],"80":[19],"81":[5],"82":[2],"83":[1],"84":[1],"85":[1],"86":[836],"87":[1],"88":[146],"89":[93],"90":[53],"91":[93],"92":[53],"93":[53],"94":[4],"95":[166]},"fnMap":{"0":{"name":"getAllChats","decl":{"start":{"line":29,"column":2},"end":{"line":47,"column":4}},"loc":{"start":{"line":29,"column":2},"end":{"line":47,"column":4}},"line":29},"1":{"name":"saveChat","decl":{"start":{"line":49,"column":2},"end":{"line":88,"column":4}},"loc":{"start":{"line":49,"column":2},"end":{"line":88,"column":4}},"line":49},"2":{"name":"loadChat","decl":{"start":{"line":90,"column":2},"end":{"line":93,"column":4}},"loc":{"start":{"line":90,"column":2},"end":{"line":93,"column":4}},"line":90},"3":{"name":"deleteChat","decl":{"start":{"line":95,"column":2},"end":{"line":103,"column":4}},"loc":{"start":{"line":95,"column":2},"end":{"line":103,"column":4}},"line":95},"4":{"name":"Sidebar","decl":{"start":{"line":115,"column":0},"end":{"line":229,"column":1}},"loc":{"start":{"line":115,"column":0},"end":{"line":229,"column":1}},"line":115},"5":{"name":"groupChatsByDate","decl":{"start":{"line":116,"column":27},"end":{"line":147,"column":3}},"loc":{"start":{"line":116,"column":27},"end":{"line":147,"column":3}},"line":116},"6":{"name":"onClick","decl":{"start":{"line":183,"column":31},"end":{"line":183,"column":59}},"loc":{"start":{"line":183,"column":31},"end":{"line":183,"column":59}},"line":183},"7":{"name":"onClick","decl":{"start":{"line":195,"column":31},"end":{"line":200,"column":24}},"loc":{"start":{"line":195,"column":31},"end":{"line":200,"column":24}},"line":195},"8":{"name":"App","decl":{"start":{"line":232,"column":0},"end":{"line":650,"column":1}},"loc":{"start":{"line":232,"column":0},"end":{"line":650,"column":1}},"line":232},"9":{"name":"scrollToBottom","decl":{"start":{"line":243,"column":25},"end":{"line":245,"column":3}},"loc":{"start":{"line":243,"column":25},"end":{"line":245,"column":3}},"line":243},"10":{"name":"handleNewChat","decl":{"start":{"line":273,"column":24},"end":{"line":279,"column":3}},"loc":{"start":{"line":273,"column":24},"end":{"line":279,"column":3}},"line":273},"11":{"name":"handleSelectChat","decl":{"start":{"line":281,"column":27},"end":{"line":289,"column":3}},"loc":{"start":{"line":281,"column":27},"end":{"line":289,"column":3}},"line":281},"12":{"name":"handleDeleteChat","decl":{"start":{"line":291,"column":27},"end":{"line":298,"column":3}},"loc":{"start":{"line":291,"column":27},"end":{"line":298,"column":3}},"line":291},"13":{"name":"separateThinkingFromAnswer","decl":{"start":{"line":301,"column":37},"end":{"line":334,"column":3}},"loc":{"start":{"line":301,"column":37},"end":{"line":334,"column":3}},"line":301},"14":{"name":"handleSubmit","decl":{"start":{"line":336,"column":23},"end":{"line":402,"column":3}},"loc":{"start":{"line":336,"column":23},"end":{"line":402,"column":3}},"line":336},"15":{"name":"handleKeyDown","decl":{"start":{"line":404,"column":24},"end":{"line":409,"column":3}},"loc":{"start":{"line":404,"column":24},"end":{"line":409,"column":3}},"line":404},"16":{"name":"onClick","decl":{"start":{"line":445,"column":25},"end":{"line":445,"column":62}},"loc":{"start":{"line":445,"column":25},"end":{"line":445,"column":62}},"line":445},"17":{"name":"onClick","decl":{"start":{"line":454,"column":25},"end":{"line":454,"column":58}},"loc":{"start":{"line":454,"column":25},"end":{"line":454,"column":58}},"line":454},"18":{"name":"onChange","decl":{"start":{"line":480,"column":30},"end":{"line":480,"column":93}},"loc":{"start":{"line":480,"column":30},"end":{"line":480,"column":93}},"line":480},"19":{"name":"onChange","decl":{"start":{"line":490,"column":30},"end":{"line":490,"column":92}},"loc":{"start":{"line":490,"column":30},"end":{"line":490,"column":92}},"line":490},"20":{"name":"onChange","decl":{"start":{"line":503,"column":30},"end":{"line":503,"column":93}},"loc":{"start":{"line":503,"column":30},"end":{"line":503,"column":93}},"line":503},"21":{"name":"onClick","decl":{"start":{"line":530,"column":31},"end":{"line":530,"column":59}},"loc":{"start":{"line":530,"column":31},"end":{"line":530,"column":59}},"line":530},"22":{"name":"a","decl":{"start":{"line":575,"column":31},"end":{"line":576,"column":149}},"loc":{"start":{"line":575,"column":31},"end":{"line":576,"column":149}},"line":575},"23":{"name":"code","decl":{"start":{"line":579,"column":34},"end":{"line":584,"column":30}},"loc":{"start":{"line":579,"column":34},"end":{"line":584,"column":30}},"line":579},"24":{"name":"ul","decl":{"start":{"line":586,"column":32},"end":{"line":586,"column":116}},"loc":{"start":{"line":586,"column":32},"end":{"line":586,"column":116}},"line":586},"25":{"name":"ol","decl":{"start":{"line":587,"column":32},"end":{"line":587,"column":119}},"loc":{"start":{"line":587,"column":32},"end":{"line":587,"column":119}},"line":587},"26":{"name":"h1","decl":{"start":{"line":589,"column":32},"end":{"line":589,"column":113}},"loc":{"start":{"line":589,"column":32},"end":{"line":589,"column":113}},"line":589},"27":{"name":"h2","decl":{"start":{"line":590,"column":32},"end":{"line":590,"column":112}},"loc":{"start":{"line":590,"column":32},"end":{"line":590,"column":112}},"line":590},"28":{"name":"h3","decl":{"start":{"line":591,"column":32},"end":{"line":591,"column":116}},"loc":{"start":{"line":591,"column":32},"end":{"line":591,"column":116}},"line":591},"29":{"name":"onChange","decl":{"start":{"line":630,"column":26},"end":{"line":630,"column":58}},"loc":{"start":{"line":630,"column":26},"end":{"line":630,"column":58}},"line":630}},"f":{"0":383,"1":41,"2":1,"3":1,"4":298,"5":298,"6":1,"7":1,"8":298,"9":79,"10":1,"11":1,"12":1,"13":19,"14":20,"15":183,"16":5,"17":2,"18":1,"19":1,"20":1,"21":1,"22":0,"23":0,"24":0,"25":0,"26":0,"27":0,"28":0,"29":166}}
,"C:\\Users\\armaa\\OneDrive\\Documents\\Armaan\\UofT\\4th Year\\Fall\\CSC490\\Immigreat\\frontend\\immigreat\\src\\services\\api.ts": {"path":"C:\\Users\\armaa\\OneDrive\\Documents\\Armaan\\UofT\\4th Year\\Fall\\CSC490\\Immigreat\\frontend\\immigreat\\src\\services\\api.ts","all":false,"statementMap":{"1":{"start":{"line":2,"column":0},"end":{"line":2,"column":45}},"39":{"start":{"line":40,"column":0},"end":{"line":40,"column":47}},"40":{"start":{"line":41,"column":0},"end":{"line":41,"column":7}},"41":{"start":{"line":42,"column":0},"end":{"line":42,"column":18}},"42":{"start":{"line":43,"column":0},"end":{"line":43,"column":19}},"43":{"start":{"line":44,"column":0},"end":{"line":44,"column":2}},"46":{"start":{"line":47,"column":0},"end":{"line":47,"column":43}},"48":{"start":{"line":49,"column":0},"end":{"line":49,"column":24}},"54":{"start":{"line":55,"column":0},"end":{"line":55,"column":20}},"55":{"start":{"line":56,"column":0},"end":{"line":56,"column":20}},"56":{"start":{"line":57,"column":0},"end":{"line":57,"column":45}},"57":{"start":{"line":58,"column":0},"end":{"line":58,"column":28}},"58":{"start":{"line":59,"column":0},"end":{"line":59,"column":9}},"60":{"start":{"line":61,"column":0},"end":{"line":61,"column":47}},"61":{"start":{"line":62,"column":0},"end":{"line":62,"column":68}},"63":{"start":{"line":64,"column":0},"end":{"line":64,"column":40}},"64":{"start":{"line":65,"column":0},"end":{"line":65,"column":23}},"65":{"start":{"line":66,"column":0},"end":{"line":66,"column":22}},"66":{"start":{"line":67,"column":0},"end":{"line":67,"column":37}},"67":{"start":{"line":68,"column":0},"end":{"line":68,"column":39}},"68":{"start":{"line":69,"column":0},"end":{"line":69,"column":8}},"71":{"start":{"line":72,"column":0},"end":{"line":72,"column":29}},"72":{"start":{"line":73,"column":0},"end":{"line":73,"column":50}},"73":{"start":{"line":74,"column":0},"end":{"line":74,"column":7}},"75":{"start":{"line":76,"column":0},"end":{"line":76,"column":45}},"76":{"start":{"line":77,"column":0},"end":{"line":77,"column":23}},"77":{"start":{"line":78,"column":0},"end":{"line":78,"column":18}},"78":{"start":{"line":79,"column":0},"end":{"line":79,"column":45}},"79":{"start":{"line":80,"column":0},"end":{"line":80,"column":10}},"80":{"start":{"line":81,"column":0},"end":{"line":81,"column":42}},"81":{"start":{"line":82,"column":0},"end":{"line":82,"column":34}},"82":{"start":{"line":83,"column":0},"end":{"line":83,"column":9}},"84":{"start":{"line":85,"column":0},"end":{"line":85,"column":30}},"86":{"start":{"line":87,"column":0},"end":{"line":87,"column":25}},"87":{"start":{"line":88,"column":0},"end":{"line":88,"column":48}},"88":{"start":{"line":89,"column":0},"end":{"line":89,"column":70}},"89":{"start":{"line":90,"column":0},"end":{"line":90,"column":7}},"91":{"start":{"line":92,"column":0},"end":{"line":92,"column":41}},"94":{"start":{"line":95,"column":0},"end":{"line":95,"column":28}},"95":{"start":{"line":96,"column":0},"end":{"line":96,"column":43}},"96":{"start":{"line":97,"column":0},"end":{"line":97,"column":7}},"98":{"start":{"line":99,"column":0},"end":{"line":99,"column":18}},"99":{"start":{"line":100,"column":0},"end":{"line":100,"column":21}},"100":{"start":{"line":101,"column":0},"end":{"line":101,"column":35}},"101":{"start":{"line":102,"column":0},"end":{"line":102,"column":42}},"102":{"start":{"line":103,"column":0},"end":{"line":103,"column":83}},"103":{"start":{"line":104,"column":0},"end":{"line":104,"column":9}},"104":{"start":{"line":105,"column":0},"end":{"line":105,"column":56}},"105":{"start":{"line":106,"column":0},"end":{"line":106,"column":20}},"106":{"start":{"line":107,"column":0},"end":{"line":107,"column":7}},"107":{"start":{"line":108,"column":0},"end":{"line":108,"column":48}},"108":{"start":{"line":109,"column":0},"end":{"line":109,"column":5}},"109":{"start":{"line":110,"column":0},"end":{"line":110,"column":4}},"114":{"start":{"line":115,"column":0},"end":{"line":115,"column":18}},"115":{"start":{"line":116,"column":0},"end":{"line":116,"column":28}},"116":{"start":{"line":117,"column":0},"end":{"line":117,"column":4}},"121":{"start":{"line":122,"column":0},"end":{"line":122,"column":18}},"122":{"start":{"line":123,"column":0},"end":{"line":123,"column":28}},"123":{"start":{"line":124,"column":0},"end":{"line":124,"column":4}},"128":{"start":{"line":129,"column":0},"end":{"line":129,"column":41}},"129":{"start":{"line":130,"column":0},"end":{"line":130,"column":9}},"130":{"start":{"line":131,"column":0},"end":{"line":131,"column":56}},"131":{"start":{"line":132,"column":0},"end":{"line":132,"column":25}},"132":{"start":{"line":133,"column":0},"end":{"line":133,"column":13}},"133":{"start":{"line":134,"column":0},"end":{"line":134,"column":19}},"134":{"start":{"line":135,"column":0},"end":{"line":135,"column":5}},"135":{"start":{"line":136,"column":0},"end":{"line":136,"column":4}},"136":{"start":{"line":137,"column":0},"end":{"line":137,"column":2}}},"s":{"1":1,"39":1,"40":1,"41":1,"42":1,"43":1,"46":1,"48":1,"54":1,"55":12,"56":12,"57":12,"58":12,"60":12,"61":12,"63":12,"64":12,"65":12,"66":12,"67":12,"68":12,"71":12,"72":1,"73":1,"75":12,"76":12,"77":12,"78":12,"79":12,"80":12,"81":12,"82":12,"84":10,"86":12,"87":1,"88":1,"89":1,"91":9,"94":9,"95":9,"96":9,"98":9,"99":12,"100":3,"101":3,"102":1,"103":1,"104":2,"105":2,"106":2,"107":0,"108":0,"109":12,"114":1,"115":16,"116":16,"121":1,"122":5,"123":5,"128":1,"129":3,"130":3,"131":2,"132":3,"133":1,"134":1,"135":3,"136":1},"branchMap":{"0":{"type":"branch","line":55,"loc":{"start":{"line":55,"column":2},"end":{"line":110,"column":4}},"locations":[{"start":{"line":55,"column":2},"end":{"line":110,"column":4}}]},"1":{"type":"branch","line":72,"loc":{"start":{"line":72,"column":28},"end":{"line":74,"column":7}},"locations":[{"start":{"line":72,"column":28},"end":{"line":74,"column":7}}]},"2":{"type":"branch","line":83,"loc":{"start":{"line":83,"column":7},"end":{"line":87,"column":24}},"locations":[{"start":{"line":83,"column":7},"end":{"line":87,"column":24}}]},"3":{"type":"branch","line":87,"loc":{"start":{"line":87,"column":24},"end":{"line":90,"column":7}},"locations":[{"start":{"line":87,"column":24},"end":{"line":90,"column":7}}]},"4":{"type":"branch","line":90,"loc":{"start":{"line":90,"column":6},"end":{"line":100,"column":13}},"locations":[{"start":{"line":90,"column":6},"end":{"line":100,"column":13}}]},"5":{"type":"branch","line":100,"loc":{"start":{"line":100,"column":4},"end":{"line":109,"column":5}},"locations":[{"start":{"line":100,"column":4},"end":{"line":109,"column":5}}]},"6":{"type":"branch","line":102,"loc":{"start":{"line":102,"column":41},"end":{"line":104,"column":9}},"locations":[{"start":{"line":102,"column":41},"end":{"line":104,"column":9}}]},"7":{"type":"branch","line":104,"loc":{"start":{"line":104,"column":8},"end":{"line":107,"column":7}},"locations":[{"start":{"line":104,"column":8},"end":{"line":107,"column":7}}]},"8":{"type":"branch","line":107,"loc":{"start":{"line":107,"column":6},"end":{"line":109,"column":5}},"locations":[{"start":{"line":107,"column":6},"end":{"line":109,"column":5}}]},"9":{"type":"branch","line":115,"loc":{"start":{"line":115,"column":2},"end":{"line":117,"column":4}},"locations":[{"start":{"line":115,"column":2},"end":{"line":117,"column":4}}]},"10":{"type":"branch","line":122,"loc":{"start":{"line":122,"column":2},"end":{"line":124,"column":4}},"locations":[{"start":{"line":122,"column":2},"end":{"line":124,"column":4}}]},"11":{"type":"branch","line":129,"loc":{"start":{"line":129,"column":2},"end":{"line":136,"column":4}},"locations":[{"start":{"line":129,"column":2},"end":{"line":136,"column":4}}]},"12":{"type":"branch","line":131,"loc":{"start":{"line":131,"column":54},"end":{"line":133,"column":12}},"locations":[{"start":{"line":131,"column":54},"end":{"line":133,"column":12}}]},"13":{"type":"branch","line":133,"loc":{"start":{"line":133,"column":4},"end":{"line":135,"column":5}},"locations":[{"start":{"line":133,"column":4},"end":{"line":135,"column":5}}]}},"b":{"0":[12],"1":[1],"2":[10],"3":[1],"4":[9],"5":[3],"6":[1],"7":[2],"8":[0],"9":[16],"10":[5],"11":[3],"12":[2],"13":[1]},"fnMap":{"0":{"name":"sendMessage","decl":{"start":{"line":55,"column":2},"end":{"line":110,"column":4}},"loc":{"start":{"line":55,"column":2},"end":{"line":110,"column":4}},"line":55},"1":{"name":"resetSession","decl":{"start":{"line":115,"column":2},"end":{"line":117,"column":4}},"loc":{"start":{"line":115,"column":2},"end":{"line":117,"column":4}},"line":115},"2":{"name":"getSessionId","decl":{"start":{"line":122,"column":2},"end":{"line":124,"column":4}},"loc":{"start":{"line":122,"column":2},"end":{"line":124,"column":4}},"line":122},"3":{"name":"healthCheck","decl":{"start":{"line":129,"column":2},"end":{"line":136,"column":4}},"loc":{"start":{"line":129,"column":2},"end":{"line":136,"column":4}},"line":129}},"f":{"0":12,"1":16,"2":5,"3":3}}
}
