TN:
SF:src\App.tsx
FN:29,getAllChats
FN:49,saveChat
FN:90,loadChat
FN:95,deleteChat
FN:115,Sidebar
FN:116,groupChatsByDate
FN:183,onClick
FN:195,onClick
FN:232,App
FN:243,scrollToBottom
FN:273,handleNewChat
FN:281,handleSelectChat
FN:291,handleDeleteChat
FN:301,separateThinkingFromAnswer
FN:336,handleSubmit
FN:404,handleKeyDown
FN:445,onClick
FN:454,onClick
FN:480,onChange
FN:490,onChange
FN:503,onChange
FN:530,onClick
FN:575,a
FN:579,code
FN:586,ul
FN:587,ol
FN:589,h1
FN:590,h2
FN:591,h3
FN:630,onChange
FNF:30
FNH:23
FNDA:383,getAllChats
FNDA:41,saveChat
FNDA:1,loadChat
FNDA:1,deleteChat
FNDA:298,Sidebar
FNDA:298,groupChatsByDate
FNDA:1,onClick
FNDA:1,onClick
FNDA:298,App
FNDA:79,scrollToBottom
FNDA:1,handleNewChat
FNDA:1,handleSelectChat
FNDA:1,handleDeleteChat
FNDA:19,separateThinkingFromAnswer
FNDA:20,handleSubmit
FNDA:183,handleKeyDown
FNDA:5,onClick
FNDA:2,onClick
FNDA:1,onChange
FNDA:1,onChange
FNDA:1,onChange
FNDA:1,onClick
FNDA:0,a
FNDA:0,code
FNDA:0,ul
FNDA:0,ol
FNDA:0,h1
FNDA:0,h2
FNDA:0,h3
FNDA:166,onChange
DA:1,1
DA:2,1
DA:3,1
DA:5,1
DA:25,1
DA:26,1
DA:28,1
DA:29,1
DA:30,383
DA:31,383
DA:32,383
DA:34,143
DA:35,143
DA:36,144
DA:37,144
DA:38,144
DA:39,212
DA:40,212
DA:41,144
DA:42,143
DA:43,383
DA:44,1
DA:45,1
DA:46,1
DA:47,383
DA:49,1
DA:50,41
DA:51,41
DA:53,41
DA:54,41
DA:55,41
DA:56,0
DA:58,41
DA:59,22
DA:60,22
DA:61,22
DA:62,22
DA:63,22
DA:64,22
DA:65,22
DA:66,22
DA:67,22
DA:68,22
DA:69,22
DA:70,22
DA:71,22
DA:73,19
DA:74,19
DA:75,19
DA:76,19
DA:77,19
DA:78,19
DA:79,19
DA:81,19
DA:82,19
DA:83,19
DA:84,41
DA:85,0
DA:86,0
DA:87,0
DA:88,41
DA:90,1
DA:91,1
DA:92,1
DA:93,1
DA:95,1
DA:96,1
DA:97,1
DA:98,1
DA:99,1
DA:100,1
DA:101,0
DA:102,0
DA:103,1
DA:104,1
DA:115,298
DA:116,298
DA:117,298
DA:118,298
DA:119,298
DA:120,298
DA:121,298
DA:122,298
DA:124,298
DA:125,298
DA:126,298
DA:127,298
DA:128,298
DA:129,298
DA:131,298
DA:132,79
DA:133,79
DA:135,79
DA:136,77
DA:137,79
DA:138,1
DA:139,1
DA:140,0
DA:141,1
DA:142,1
DA:143,1
DA:144,298
DA:146,298
DA:147,298
DA:149,298
DA:151,298
DA:152,298
DA:153,298
DA:154,298
DA:155,298
DA:156,298
DA:158,298
DA:159,298
DA:160,298
DA:161,298
DA:163,298
DA:164,298
DA:165,1192
DA:167,78
DA:168,78
DA:169,78
DA:170,78
DA:171,78
DA:172,78
DA:173,78
DA:174,79
DA:175,79
DA:176,79
DA:177,79
DA:178,70
DA:179,9
DA:180,79
DA:182,79
DA:183,79
DA:184,79
DA:186,79
DA:187,79
DA:188,79
DA:189,79
DA:190,79
DA:191,79
DA:192,79
DA:194,79
DA:195,79
DA:196,1
DA:197,1
DA:198,1
DA:199,1
DA:200,1
DA:201,79
DA:202,79
DA:204,79
DA:205,79
DA:206,79
DA:207,79
DA:208,79
DA:209,78
DA:210,78
DA:211,78
DA:213,298
DA:215,298
DA:216,222
DA:218,222
DA:220,298
DA:222,298
DA:223,298
DA:224,298
DA:225,298
DA:226,298
DA:227,298
DA:229,298
DA:232,298
DA:233,298
DA:234,298
DA:235,298
DA:236,298
DA:237,298
DA:238,298
DA:239,298
DA:240,298
DA:241,298
DA:243,298
DA:244,79
DA:245,79
DA:247,298
DA:248,79
DA:249,298
DA:251,298
DA:252,39
DA:253,1
DA:254,39
DA:255,38
DA:256,38
DA:257,298
DA:259,298
DA:260,79
DA:261,41
DA:262,41
DA:263,41
DA:264,41
DA:265,41
DA:266,41
DA:267,19
DA:268,19
DA:269,41
DA:270,41
DA:271,298
DA:273,298
DA:274,1
DA:275,1
DA:276,1
DA:277,1
DA:278,1
DA:279,1
DA:281,298
DA:282,1
DA:283,1
DA:284,1
DA:285,1
DA:286,1
DA:288,1
DA:289,1
DA:291,298
DA:292,1
DA:293,1
DA:295,1
DA:296,0
DA:297,0
DA:298,1
DA:301,298
DA:303,19
DA:304,2
DA:306,2
DA:308,2
DA:311,2
DA:314,2
DA:315,2
DA:316,2
DA:319,2
DA:320,0
DA:321,2
DA:322,0
DA:323,0
DA:326,2
DA:327,2
DA:328,2
DA:329,2
DA:330,2
DA:333,17
DA:334,19
DA:336,298
DA:337,20
DA:339,20
DA:341,20
DA:342,20
DA:343,20
DA:344,20
DA:345,20
DA:346,20
DA:348,20
DA:349,20
DA:350,20
DA:353,20
DA:355,20
DA:356,20
DA:360,20
DA:362,20
DA:363,20
DA:364,20
DA:365,20
DA:366,20
DA:367,20
DA:368,20
DA:371,20
DA:372,19
DA:373,20
DA:375,0
DA:376,0
DA:377,0
DA:378,0
DA:379,0
DA:380,0
DA:381,0
DA:382,20
DA:383,1
DA:385,1
DA:386,1
DA:387,1
DA:388,1
DA:389,1
DA:390,1
DA:393,1
DA:394,1
DA:395,1
DA:396,20
DA:398,20
DA:399,20
DA:400,20
DA:401,20
DA:402,20
DA:404,298
DA:405,183
DA:406,19
DA:407,19
DA:408,19
DA:409,183
DA:411,298
DA:412,298
DA:413,298
DA:414,298
DA:415,298
DA:416,298
DA:418,298
DA:419,298
DA:420,298
DA:421,298
DA:422,298
DA:423,298
DA:424,298
DA:425,298
DA:426,298
DA:428,298
DA:429,298
DA:430,298
DA:431,298
DA:432,298
DA:433,298
DA:434,298
DA:435,298
DA:436,298
DA:437,298
DA:438,298
DA:439,298
DA:440,298
DA:441,298
DA:443,298
DA:444,298
DA:445,298
DA:446,298
DA:447,298
DA:448,298
DA:449,298
DA:451,298
DA:453,298
DA:454,298
DA:455,298
DA:456,298
DA:458,298
DA:459,298
DA:460,298
DA:461,298
DA:462,298
DA:464,298
DA:465,31
DA:466,31
DA:467,31
DA:469,31
DA:470,31
DA:471,31
DA:472,31
DA:473,31
DA:474,31
DA:475,31
DA:476,31
DA:477,31
DA:478,31
DA:479,31
DA:480,31
DA:481,31
DA:482,31
DA:483,31
DA:485,31
DA:486,31
DA:487,31
DA:488,31
DA:489,31
DA:490,31
DA:491,31
DA:492,31
DA:493,31
DA:495,31
DA:496,31
DA:498,31
DA:499,31
DA:500,31
DA:501,31
DA:502,31
DA:503,31
DA:504,31
DA:505,31
DA:506,31
DA:508,31
DA:509,31
DA:510,31
DA:511,31
DA:512,31
DA:515,298
DA:516,298
DA:517,209
DA:518,209
DA:519,209
DA:520,209
DA:522,209
DA:523,209
DA:525,209
DA:526,209
DA:527,209
DA:528,836
DA:529,836
DA:530,836
DA:531,836
DA:533,836
DA:534,836
DA:535,836
DA:536,209
DA:537,209
DA:538,209
DA:539,209
DA:541,89
DA:542,89
DA:543,146
DA:544,146
DA:545,146
DA:546,146
DA:547,146
DA:548,146
DA:549,146
DA:550,146
DA:551,146
DA:554,146
DA:555,4
DA:556,4
DA:557,4
DA:558,4
DA:559,4
DA:561,4
DA:562,4
DA:563,4
DA:564,4
DA:565,4
DA:566,4
DA:567,4
DA:571,146
DA:572,146
DA:573,146
DA:575,146
DA:576,0
DA:579,146
DA:580,0
DA:581,0
DA:582,0
DA:583,0
DA:584,0
DA:586,146
DA:587,146
DA:589,146
DA:590,146
DA:591,146
DA:592,146
DA:594,146
DA:595,146
DA:596,146
DA:597,146
DA:598,146
DA:599,146
DA:600,89
DA:601,89
DA:602,40
DA:603,40
DA:604,40
DA:606,40
DA:607,40
DA:608,40
DA:610,40
DA:611,40
DA:612,40
DA:613,40
DA:614,40
DA:615,40
DA:616,40
DA:617,40
DA:618,40
DA:620,89
DA:621,89
DA:623,298
DA:625,298
DA:626,298
DA:627,298
DA:628,298
DA:629,298
DA:630,298
DA:631,298
DA:632,298
DA:633,298
DA:634,298
DA:635,298
DA:636,298
DA:637,298
DA:638,298
DA:639,298
DA:640,298
DA:642,298
DA:643,298
DA:644,298
DA:645,298
DA:646,298
DA:647,298
DA:648,298
DA:650,298
DA:652,1
LF:510
LH:485
BRDA:29,0,0,383
BRDA:32,1,0,239
BRDA:32,2,0,143
BRDA:43,3,0,1
BRDA:35,4,0,144
BRDA:38,5,0,212
BRDA:49,6,0,41
BRDA:55,7,0,2
BRDA:55,8,0,39
BRDA:55,9,0,0
BRDA:58,10,0,22
BRDA:71,11,0,19
BRDA:84,12,0,0
BRDA:53,13,0,41
BRDA:59,14,0,22
BRDA:90,15,0,1
BRDA:92,16,0,0
BRDA:92,17,0,1
BRDA:95,18,0,1
BRDA:100,19,0,0
BRDA:98,20,0,1
BRDA:115,21,0,298
BRDA:215,22,0,222
BRDA:224,23,0,224
BRDA:224,24,0,74
BRDA:116,25,0,298
BRDA:131,26,0,79
BRDA:135,27,0,77
BRDA:137,28,0,2
BRDA:137,29,0,1
BRDA:139,30,0,0
BRDA:164,31,0,1192
BRDA:165,32,0,1114
BRDA:165,33,0,78
BRDA:173,34,0,79
BRDA:177,35,0,70
BRDA:178,36,0,9
BRDA:183,37,0,1
BRDA:195,38,0,1
BRDA:232,39,0,298
BRDA:419,40,0,1
BRDA:419,41,0,297
BRDA:458,42,0,1
BRDA:458,43,0,297
BRDA:464,44,0,31
BRDA:516,45,0,209
BRDA:539,46,0,89
BRDA:601,47,0,40
BRDA:639,48,0,167
BRDA:243,49,0,79
BRDA:244,50,0,41
BRDA:247,51,0,79
BRDA:251,52,0,39
BRDA:252,53,0,1
BRDA:254,54,0,38
BRDA:259,55,0,79
BRDA:260,56,0,41
BRDA:266,57,0,19
BRDA:273,58,0,1
BRDA:281,59,0,1
BRDA:291,60,0,1
BRDA:295,61,0,0
BRDA:301,62,0,19
BRDA:303,63,0,2
BRDA:319,64,0,0
BRDA:321,65,0,0
BRDA:330,66,0,17
BRDA:336,67,0,20
BRDA:339,68,0,0
BRDA:356,69,0,19
BRDA:360,70,0,0
BRDA:366,71,0,17
BRDA:371,72,0,19
BRDA:373,73,0,0
BRDA:382,74,0,1
BRDA:348,75,0,20
BRDA:372,76,0,19
BRDA:394,77,0,1
BRDA:404,78,0,183
BRDA:405,79,0,20
BRDA:405,80,0,19
BRDA:445,81,0,5
BRDA:454,82,0,2
BRDA:480,83,0,1
BRDA:490,84,0,1
BRDA:503,85,0,1
BRDA:527,86,0,836
BRDA:530,87,0,1
BRDA:542,88,0,146
BRDA:546,89,0,93
BRDA:546,90,0,53
BRDA:550,91,0,93
BRDA:550,92,0,53
BRDA:554,93,0,53
BRDA:554,94,0,4
BRDA:630,95,0,166
BRF:96
BRH:85
end_of_record
TN:
SF:src\services\api.ts
FN:55,sendMessage
FN:115,resetSession
FN:122,getSessionId
FN:129,healthCheck
FNF:4
FNH:4
FNDA:12,sendMessage
FNDA:16,resetSession
FNDA:5,getSessionId
FNDA:3,healthCheck
DA:2,1
DA:40,1
DA:41,1
DA:42,1
DA:43,1
DA:44,1
DA:47,1
DA:49,1
DA:55,1
DA:56,12
DA:57,12
DA:58,12
DA:59,12
DA:61,12
DA:62,12
DA:64,12
DA:65,12
DA:66,12
DA:67,12
DA:68,12
DA:69,12
DA:72,12
DA:73,1
DA:74,1
DA:76,12
DA:77,12
DA:78,12
DA:79,12
DA:80,12
DA:81,12
DA:82,12
DA:83,12
DA:85,10
DA:87,12
DA:88,1
DA:89,1
DA:90,1
DA:92,9
DA:95,9
DA:96,9
DA:97,9
DA:99,9
DA:100,12
DA:101,3
DA:102,3
DA:103,1
DA:104,1
DA:105,2
DA:106,2
DA:107,2
DA:108,0
DA:109,0
DA:110,12
DA:115,1
DA:116,16
DA:117,16
DA:122,1
DA:123,5
DA:124,5
DA:129,1
DA:130,3
DA:131,3
DA:132,2
DA:133,3
DA:134,1
DA:135,1
DA:136,3
DA:137,1
LF:68
LH:66
BRDA:55,0,0,12
BRDA:72,1,0,1
BRDA:83,2,0,10
BRDA:87,3,0,1
BRDA:90,4,0,9
BRDA:100,5,0,3
BRDA:102,6,0,1
BRDA:104,7,0,2
BRDA:107,8,0,0
BRDA:115,9,0,16
BRDA:122,10,0,5
BRDA:129,11,0,3
BRDA:131,12,0,2
BRDA:133,13,0,1
BRF:14
BRH:13
end_of_record
